<?xml version="1.0" encoding="UTF-8"?>
<testng-results skipped="0" failed="0" total="4" passed="4">
  <reporter-output>
  </reporter-output>
  <suite name="Suite One" duration-ms="55747" started-at="2018-09-27T00:44:54Z" finished-at="2018-09-27T00:45:50Z">
    <groups>
    </groups>
    <test name="Test one" duration-ms="55747" started-at="2018-09-27T00:44:54Z" finished-at="2018-09-27T00:45:50Z">
      <class name="com.tests.GoodRxTest">
        <test-method status="PASS" signature="checkHomePage()[pri:0, instance:com.tests.GoodRxTest@13fd2ccd]" name="checkHomePage" duration-ms="9923" started-at="2018-09-27T06:14:54Z" finished-at="2018-09-27T06:15:04Z">
          <reporter-output>
          </reporter-output>
        </test-method> <!-- checkHomePage -->
        <test-method status="PASS" signature="searchText()[pri:1, instance:com.tests.GoodRxTest@13fd2ccd]" name="searchText" duration-ms="434" started-at="2018-09-27T06:15:04Z" finished-at="2018-09-27T06:15:05Z">
          <reporter-output>
          </reporter-output>
        </test-method> <!-- searchText -->
        <test-method status="PASS" signature="checkSearchList()[pri:2, instance:com.tests.GoodRxTest@13fd2ccd]" name="checkSearchList" duration-ms="946" started-at="2018-09-27T06:15:05Z" finished-at="2018-09-27T06:15:05Z">
          <reporter-output>
          </reporter-output>
        </test-method> <!-- checkSearchList -->
        <test-method status="PASS" signature="verifyDrug()[pri:3, instance:com.tests.GoodRxTest@13fd2ccd]" name="verifyDrug" duration-ms="44366" started-at="2018-09-27T06:15:05Z" finished-at="2018-09-27T06:15:50Z">
          <reporter-output>
          </reporter-output>
        </test-method> <!-- verifyDrug -->
      </class> <!-- com.tests.GoodRxTest -->
    </test> <!-- Test one -->
  </suite> <!-- Suite One -->
</testng-results>
