<?xml version="1.0" encoding="UTF-8"?>
<!-- Generated by org.testng.reporters.JUnitXMLReporter -->
<testsuite hostname="HiteshJani-PC" name="Test one" tests="4" failures="0" timestamp="27 Sep 2018 00:45:50 GMT" time="55.747" errors="0">
  <testcase name="checkHomePage" time="9.923" classname="com.tests.GoodRxTest"/>
  <testcase name="searchText" time="0.434" classname="com.tests.GoodRxTest"/>
  <testcase name="checkSearchList" time="0.946" classname="com.tests.GoodRxTest"/>
  <testcase name="verifyDrug" time="44.366" classname="com.tests.GoodRxTest"/>
</testsuite> <!-- Test one -->
